<?xml version="1.0" encoding="UTF-8"?>
<testng-results ignored="0" total="5" passed="5" failed="0" skipped="0">
  <reporter-output>
  </reporter-output>
  <suite started-at="2021-02-18T23:10:39 IST" name="Suite" finished-at="2021-02-18T23:10:40 IST" duration-ms="1094">
    <groups>
      <group name="cucumber">
        <method signature="AbstractTestNGCucumberTests.runScenario(io.cucumber.testng.PickleWrapper, io.cucumber.testng.FeatureWrapper)[pri:0, instance:com.stepDefinitions.TestRunnerTestng@41e1e210]" name="runScenario" class="io.cucumber.testng.AbstractTestNGCucumberTests"/>
      </group> <!-- cucumber -->
    </groups>
    <test started-at="2021-02-18T23:10:39 IST" name="Test" finished-at="2021-02-18T23:10:40 IST" duration-ms="1094">
      <class name="com.stepDefinitions.TestRunnerTestng">
        <test-method is-config="true" signature="setUpClass()[pri:0, instance:com.stepDefinitions.TestRunnerTestng@41e1e210]" started-at="2021-02-18T23:10:39 IST" name="setUpClass" finished-at="2021-02-18T23:10:39 IST" duration-ms="600" status="PASS">
          <reporter-output>
          </reporter-output>
        </test-method> <!-- setUpClass -->
        <test-method signature="runScenario(io.cucumber.testng.PickleWrapper, io.cucumber.testng.FeatureWrapper)[pri:0, instance:com.stepDefinitions.TestRunnerTestng@41e1e210]" started-at="2021-02-18T23:10:39 IST" name="runScenario" description="Runs Cucumber Scenarios" data-provider="scenarios" finished-at="2021-02-18T23:10:40 IST" duration-ms="235" status="PASS">
          <params>
            <param index="0">
              <value>
                <![CDATA["verify the right count of values appear on the screen"]]>
              </value>
            </param>
            <param index="1">
              <value>
                <![CDATA["Optional[Calculate the Total balance for the multiple values]"]]>
              </value>
            </param>
          </params>
          <reporter-output>
          </reporter-output>
        </test-method> <!-- runScenario -->
        <test-method signature="runScenario(io.cucumber.testng.PickleWrapper, io.cucumber.testng.FeatureWrapper)[pri:0, instance:com.stepDefinitions.TestRunnerTestng@41e1e210]" started-at="2021-02-18T23:10:40 IST" name="runScenario" description="Runs Cucumber Scenarios" data-provider="scenarios" finished-at="2021-02-18T23:10:40 IST" duration-ms="13" status="PASS">
          <params>
            <param index="0">
              <value>
                <![CDATA["verify the values on the screen are greater than zero"]]>
              </value>
            </param>
            <param index="1">
              <value>
                <![CDATA["Optional[Calculate the Total balance for the multiple values]"]]>
              </value>
            </param>
          </params>
          <reporter-output>
          </reporter-output>
        </test-method> <!-- runScenario -->
        <test-method signature="runScenario(io.cucumber.testng.PickleWrapper, io.cucumber.testng.FeatureWrapper)[pri:0, instance:com.stepDefinitions.TestRunnerTestng@41e1e210]" started-at="2021-02-18T23:10:40 IST" name="runScenario" description="Runs Cucumber Scenarios" data-provider="scenarios" finished-at="2021-02-18T23:10:40 IST" duration-ms="14" status="PASS">
          <params>
            <param index="0">
              <value>
                <![CDATA["verify the values are formatted as currencies"]]>
              </value>
            </param>
            <param index="1">
              <value>
                <![CDATA["Optional[Calculate the Total balance for the multiple values]"]]>
              </value>
            </param>
          </params>
          <reporter-output>
          </reporter-output>
        </test-method> <!-- runScenario -->
        <test-method signature="runScenario(io.cucumber.testng.PickleWrapper, io.cucumber.testng.FeatureWrapper)[pri:0, instance:com.stepDefinitions.TestRunnerTestng@41e1e210]" started-at="2021-02-18T23:10:40 IST" name="runScenario" description="Runs Cucumber Scenarios" data-provider="scenarios" finished-at="2021-02-18T23:10:40 IST" duration-ms="6" status="PASS">
          <params>
            <param index="0">
              <value>
                <![CDATA["verify the total balance matches the sum of the values"]]>
              </value>
            </param>
            <param index="1">
              <value>
                <![CDATA["Optional[Calculate the Total balance for the multiple values]"]]>
              </value>
            </param>
          </params>
          <reporter-output>
          </reporter-output>
        </test-method> <!-- runScenario -->
        <test-method signature="runScenario(io.cucumber.testng.PickleWrapper, io.cucumber.testng.FeatureWrapper)[pri:0, instance:com.stepDefinitions.TestRunnerTestng@41e1e210]" started-at="2021-02-18T23:10:40 IST" name="runScenario" description="Runs Cucumber Scenarios" data-provider="scenarios" finished-at="2021-02-18T23:10:40 IST" duration-ms="9" status="PASS">
          <params>
            <param index="0">
              <value>
                <![CDATA["verify the total balance is correct based on the values listed on the screen"]]>
              </value>
            </param>
            <param index="1">
              <value>
                <![CDATA["Optional[Calculate the Total balance for the multiple values]"]]>
              </value>
            </param>
          </params>
          <reporter-output>
          </reporter-output>
        </test-method> <!-- runScenario -->
        <test-method is-config="true" signature="tearDownClass()[pri:0, instance:com.stepDefinitions.TestRunnerTestng@41e1e210]" started-at="2021-02-18T23:10:40 IST" name="tearDownClass" finished-at="2021-02-18T23:10:40 IST" duration-ms="163" status="PASS">
          <reporter-output>
          </reporter-output>
        </test-method> <!-- tearDownClass -->
      </class> <!-- com.stepDefinitions.TestRunnerTestng -->
    </test> <!-- Test -->
  </suite> <!-- Suite -->
</testng-results>
